<?xml version="1.0" encoding="UTF-8"?>
<!-- Generated by org.testng.reporters.JUnitXMLReporter -->
<testsuite ignored="0" hostname="5CD93439TM" failures="0" tests="6" name="Test" time="0.068" errors="0" timestamp="2021-07-17T13:37:24 IST">
  <testcase classname="qaclick.Test03" name="E" time="0.009"/>
  <testcase classname="qaclick.Test03" name="F" time="0.001"/>
  <testcase classname="qaclick.Test02" name="C" time="0.0"/>
  <testcase classname="qaclick.Test02" name="D" time="0.001"/>
  <testcase classname="qaclick.Test01" name="A" time="0.001"/>
  <testcase classname="qaclick.Test01" name="B" time="0.002"/>
</testsuite> <!-- Test -->
