<?xml version="1.0" encoding="UTF-8"?>
<testng-results total="1" passed="1" failed="0" skipped="0">
  <reporter-output>
  </reporter-output>
  <suite started-at="2021-08-23T11:40:51Z" name="Default suite" finished-at="2021-08-23T11:41:14Z" duration-ms="23727">
    <groups>
    </groups>
    <test started-at="2021-08-23T11:40:51Z" name="Default test" finished-at="2021-08-23T11:41:14Z" duration-ms="23727">
      <class name="Testcase.LoginPage">
        <test-method signature="Login()[pri:0, instance:Testcase.LoginPage@4d518b32]" started-at="2021-08-23T17:10:51Z" name="Login" finished-at="2021-08-23T17:11:14Z" duration-ms="23691" status="PASS">
          <reporter-output>
          </reporter-output>
        </test-method> <!-- Login -->
      </class> <!-- Testcase.LoginPage -->
    </test> <!-- Default test -->
  </suite> <!-- Default suite -->
</testng-results>
