<?xml version="1.0" encoding="UTF-8"?>
<!-- Generated by org.testng.reporters.JUnitXMLReporter -->
<testsuite ignored="0" hostname="5CD93439TM" failures="0" tests="6" name="Command line test" time="0.066" errors="0" timestamp="2021-08-15T13:17:32 IST">
  <testcase classname="qaclick.Test01" name="A" time="0.006"/>
  <testcase classname="qaclick.Test01" name="B" time="0.0"/>
  <testcase classname="qaclick.Test02" name="C" time="0.0"/>
  <testcase classname="qaclick.Test02" name="D" time="0.0"/>
  <testcase classname="qaclick.Test03" name="E" time="0.0"/>
  <testcase classname="qaclick.Test03" name="F" time="0.0"/>
</testsuite> <!-- Command line test -->
