<?xml version="1.0" encoding="UTF-8"?>
<!-- Generated by org.testng.reporters.JUnitXMLReporter -->
<testsuite ignored="0" hostname="5CD93439TM" failures="1" tests="2" name="Listings" time="15.527" errors="0" timestamp="2021-08-09T12:49:37 IST">
  <testcase classname="test.Login" name="Listings" time="0.039">
    <failure type="java.lang.NullPointerException" message="Cannot invoke &amp;quot;org.openqa.selenium.WebDriver.findElement(org.openqa.selenium.By)&amp;quot; because &amp;quot;test.Login.driver&amp;quot; is null">
      <![CDATA[java.lang.NullPointerException: Cannot invoke "org.openqa.selenium.WebDriver.findElement(org.openqa.selenium.By)" because "test.Login.driver" is null
at test.Login.Listings(Login.java:37)
at java.base/java.util.ArrayList.forEach(ArrayList.java:1511)
... Removed 27 stack frames]]>
    </failure>
  </testcase> <!-- Listings -->
  <testcase classname="test.Login" name="SignIn" time="15.457"/>
</testsuite> <!-- Listings -->
