<?xml version="1.0" encoding="UTF-8"?>
<testng-results ignored="0" total="4" passed="2" failed="2" skipped="0">
  <reporter-output>
  </reporter-output>
  <suite started-at="2021-09-06T13:16:27Z" name="Suite" finished-at="2021-09-06T13:16:41Z" duration-ms="14483">
    <groups>
    </groups>
    <test started-at="2021-09-06T13:16:27Z" name="ValidateTitle" finished-at="2021-09-06T13:16:38Z" duration-ms="11288">
      <class name="Academy.Sec29_E2E.Validatetitle">
        <test-method is-config="true" signature="initalize()[pri:0, instance:Academy.Sec29_E2E.Validatetitle@6f8d7714]" started-at="2021-09-06T13:16:27Z" name="initalize" finished-at="2021-09-06T13:16:35Z" duration-ms="8545" status="PASS">
          <reporter-output>
          </reporter-output>
        </test-method> <!-- initalize -->
        <test-method signature="ValidateHeader()[pri:0, instance:Academy.Sec29_E2E.Validatetitle@6f8d7714]" started-at="2021-09-06T13:16:35Z" name="ValidateHeader" finished-at="2021-09-06T13:16:35Z" duration-ms="2" status="FAIL">
          <exception class="java.lang.NullPointerException">
            <full-stacktrace>
              <![CDATA[java.lang.NullPointerException
at Academy.Sec29_E2E.Validatetitle.ValidateHeader(Validatetitle.java:52)
at java.base/jdk.internal.reflect.NativeMethodAccessorImpl.invoke0(Native Method)
at java.base/jdk.internal.reflect.NativeMethodAccessorImpl.invoke(NativeMethodAccessorImpl.java:62)
at java.base/jdk.internal.reflect.DelegatingMethodAccessorImpl.invoke(DelegatingMethodAccessorImpl.java:43)
at java.base/java.lang.reflect.Method.invoke(Method.java:566)
at org.testng.internal.MethodInvocationHelper.invokeMethod(MethodInvocationHelper.java:124)
at org.testng.internal.Invoker.invokeMethod(Invoker.java:583)
at org.testng.internal.Invoker.invokeTestMethod(Invoker.java:719)
at org.testng.internal.Invoker.invokeTestMethods(Invoker.java:989)
at org.testng.internal.TestMethodWorker.invokeTestMethods(TestMethodWorker.java:125)
at org.testng.internal.TestMethodWorker.run(TestMethodWorker.java:109)
at org.testng.TestRunner.privateRun(TestRunner.java:648)
at org.testng.TestRunner.run(TestRunner.java:505)
at org.testng.SuiteRunner.runTest(SuiteRunner.java:455)
at org.testng.SuiteRunner.access$000(SuiteRunner.java:40)
at org.testng.SuiteRunner$SuiteWorker.run(SuiteRunner.java:489)
at org.testng.internal.thread.ThreadUtil$1.call(ThreadUtil.java:52)
at java.base/java.util.concurrent.FutureTask.run(FutureTask.java:264)
at java.base/java.util.concurrent.ThreadPoolExecutor.runWorker(ThreadPoolExecutor.java:1128)
at java.base/java.util.concurrent.ThreadPoolExecutor$Worker.run(ThreadPoolExecutor.java:628)
at java.base/java.lang.Thread.run(Thread.java:834)
]]>
            </full-stacktrace>
          </exception> <!-- java.lang.NullPointerException -->
          <reporter-output>
          </reporter-output>
        </test-method> <!-- ValidateHeader -->
        <test-method signature="ValidateTitle()[pri:0, instance:Academy.Sec29_E2E.Validatetitle@6f8d7714]" started-at="2021-09-06T13:16:37Z" name="ValidateTitle" finished-at="2021-09-06T13:16:37Z" duration-ms="232" status="FAIL">
          <exception class="junit.framework.ComparisonFailure">
            <message>
              <![CDATA[expected:<...> but was:<...123>]]>
            </message>
            <full-stacktrace>
              <![CDATA[junit.framework.ComparisonFailure: expected:<...> but was:<...123>
at junit.framework.Assert.assertEquals(Assert.java:81)
at junit.framework.Assert.assertEquals(Assert.java:87)
at Academy.Sec29_E2E.Validatetitle.ValidateTitle(Validatetitle.java:42)
at java.base/jdk.internal.reflect.NativeMethodAccessorImpl.invoke0(Native Method)
at java.base/jdk.internal.reflect.NativeMethodAccessorImpl.invoke(NativeMethodAccessorImpl.java:62)
at java.base/jdk.internal.reflect.DelegatingMethodAccessorImpl.invoke(DelegatingMethodAccessorImpl.java:43)
at java.base/java.lang.reflect.Method.invoke(Method.java:566)
at org.testng.internal.MethodInvocationHelper.invokeMethod(MethodInvocationHelper.java:124)
at org.testng.internal.Invoker.invokeMethod(Invoker.java:583)
at org.testng.internal.Invoker.invokeTestMethod(Invoker.java:719)
at org.testng.internal.Invoker.invokeTestMethods(Invoker.java:989)
at org.testng.internal.TestMethodWorker.invokeTestMethods(TestMethodWorker.java:125)
at org.testng.internal.TestMethodWorker.run(TestMethodWorker.java:109)
at org.testng.TestRunner.privateRun(TestRunner.java:648)
at org.testng.TestRunner.run(TestRunner.java:505)
at org.testng.SuiteRunner.runTest(SuiteRunner.java:455)
at org.testng.SuiteRunner.access$000(SuiteRunner.java:40)
at org.testng.SuiteRunner$SuiteWorker.run(SuiteRunner.java:489)
at org.testng.internal.thread.ThreadUtil$1.call(ThreadUtil.java:52)
at java.base/java.util.concurrent.FutureTask.run(FutureTask.java:264)
at java.base/java.util.concurrent.ThreadPoolExecutor.runWorker(ThreadPoolExecutor.java:1128)
at java.base/java.util.concurrent.ThreadPoolExecutor$Worker.run(ThreadPoolExecutor.java:628)
at java.base/java.lang.Thread.run(Thread.java:834)
]]>
            </full-stacktrace>
          </exception> <!-- junit.framework.ComparisonFailure -->
          <reporter-output>
          </reporter-output>
        </test-method> <!-- ValidateTitle -->
        <test-method is-config="true" signature="teardown()[pri:0, instance:Academy.Sec29_E2E.Validatetitle@6f8d7714]" started-at="2021-09-06T13:16:38Z" name="teardown" finished-at="2021-09-06T13:16:38Z" duration-ms="125" status="PASS">
          <reporter-output>
          </reporter-output>
        </test-method> <!-- teardown -->
      </class> <!-- Academy.Sec29_E2E.Validatetitle -->
    </test> <!-- ValidateTitle -->
    <test started-at="2021-09-06T13:16:27Z" name="Test" finished-at="2021-09-06T13:16:41Z" duration-ms="14483">
      <class name="Academy.Sec29_E2E.Home">
        <test-method is-config="true" signature="initalize()[pri:0, instance:Academy.Sec29_E2E.Home@4d7e7435]" started-at="2021-09-06T13:16:27Z" name="initalize" finished-at="2021-09-06T13:16:29Z" duration-ms="2022" status="PASS">
          <reporter-output>
          </reporter-output>
        </test-method> <!-- initalize -->
        <test-method signature="HomePage(java.lang.String, java.lang.String)[pri:0, instance:Academy.Sec29_E2E.Home@4d7e7435]" started-at="2021-09-06T13:16:29Z" name="HomePage" data-provider="getData" finished-at="2021-09-06T13:16:37Z" duration-ms="8721" status="PASS">
          <params>
            <param index="0">
              <value>
                <![CDATA[abc@gm.com]]>
              </value>
            </param>
            <param index="1">
              <value>
                <![CDATA[845151]]>
              </value>
            </param>
          </params>
          <reporter-output>
          </reporter-output>
        </test-method> <!-- HomePage -->
        <test-method signature="HomePage(java.lang.String, java.lang.String)[pri:0, instance:Academy.Sec29_E2E.Home@4d7e7435]" started-at="2021-09-06T13:16:37Z" name="HomePage" data-provider="getData" finished-at="2021-09-06T13:16:41Z" duration-ms="3521" status="PASS">
          <params>
            <param index="0">
              <value>
                <![CDATA[dasded@dasdas.com]]>
              </value>
            </param>
            <param index="1">
              <value>
                <![CDATA[4515615]]>
              </value>
            </param>
          </params>
          <reporter-output>
          </reporter-output>
        </test-method> <!-- HomePage -->
        <test-method is-config="true" signature="teardown()[pri:0, instance:Academy.Sec29_E2E.Home@4d7e7435]" started-at="2021-09-06T13:16:41Z" name="teardown" finished-at="2021-09-06T13:16:41Z" duration-ms="175" status="PASS">
          <reporter-output>
          </reporter-output>
        </test-method> <!-- teardown -->
      </class> <!-- Academy.Sec29_E2E.Home -->
    </test> <!-- Test -->
  </suite> <!-- Suite -->
</testng-results>
