<?xml version="1.0" encoding="UTF-8"?>
<testsuite xmlns:xsi="http://www.w3.org/2001/XMLSchema-instance" xsi:noNamespaceSchemaLocation="https://maven.apache.org/surefire/maven-surefire-plugin/xsd/surefire-test-report-3.0.xsd" version="3.0" name="TestSuite" time="17.315" tests="4" errors="0" skipped="0" failures="2">
  <properties>
[...]
</properties>
  <testcase name="ValidateHeader" classname="Academy.Sec29_E2E.Validatetitle" time="0.023">
    <failure type="java.lang.NullPointerException"><![CDATA[java.lang.NullPointerException
	at Academy.Sec29_E2E.Validatetitle.ValidateHeader(Validatetitle.java:52)
]]></failure>
    <system-out><![CDATA[[TestNGContentHandler] [WARN] It is strongly recommended to add "<!DOCTYPE suite SYSTEM "http://testng.org/testng-1.0.dtd" >" at the top of your file, otherwise TestNG may fail or not work as expected.
2021-09-06 18:46:26,821 main ERROR The parameter is null: policy
2021-09-06 18:46:26,827 main ERROR Could not create plugin of type class org.apache.logging.log4j.core.appender.RollingFileAppender for element RollingFile org.apache.logging.log4j.core.config.ConfigurationException: Arguments given for element RollingFile are invalid: field 'policy' has invalid value 'null'
	at org.apache.logging.log4j.core.config.plugins.util.PluginBuilder.injectFields(PluginBuilder.java:208)
	at org.apache.logging.log4j.core.config.plugins.util.PluginBuilder.build(PluginBuilder.java:121)
	at org.apache.logging.log4j.core.config.AbstractConfiguration.createPluginObject(AbstractConfiguration.java:1000)
	at org.apache.logging.log4j.core.config.AbstractConfiguration.createConfiguration(AbstractConfiguration.java:940)
	at org.apache.logging.log4j.core.config.AbstractConfiguration.createConfiguration(AbstractConfiguration.java:932)
	at org.apache.logging.log4j.core.config.AbstractConfiguration.doConfigure(AbstractConfiguration.java:551)
	at org.apache.logging.log4j.core.config.AbstractConfiguration.initialize(AbstractConfiguration.java:241)
	at org.apache.logging.log4j.core.config.AbstractConfiguration.start(AbstractConfiguration.java:287)
	at org.apache.logging.log4j.core.LoggerContext.setConfiguration(LoggerContext.java:627)
	at org.apache.logging.log4j.core.LoggerContext.reconfigure(LoggerContext.java:700)
	at org.apache.logging.log4j.core.LoggerContext.reconfigure(LoggerContext.java:717)
	at org.apache.logging.log4j.core.LoggerContext.start(LoggerContext.java:272)
	at org.apache.logging.log4j.core.impl.Log4jContextFactory.getContext(Log4jContextFactory.java:155)
	at org.apache.logging.log4j.core.impl.Log4jContextFactory.getContext(Log4jContextFactory.java:47)
	at org.apache.logging.log4j.LogManager.getContext(LogManager.java:309)
	at org.apache.log4j.Logger$PrivateManager.getContext(Logger.java:59)
	at org.apache.log4j.Logger.getLogger(Logger.java:37)
	at freemarker.log._Log4jLoggerFactory.getLogger(_Log4jLoggerFactory.java:31)
	at freemarker.log.Logger.getLogger(Logger.java:362)
	at freemarker.template.Configuration.<clinit>(Configuration.java:151)
	at com.aventstack.extentreports.reporter.AbstractFileReporter.loadTemplateModel(AbstractFileReporter.java:54)
	at com.aventstack.extentreports.reporter.ExtentSparkReporter.start(ExtentSparkReporter.java:136)
	at com.aventstack.extentreports.reporter.ExtentSparkReporter.access$0(ExtentSparkReporter.java:134)
	at com.aventstack.extentreports.reporter.ExtentSparkReporter$1.onSubscribe(ExtentSparkReporter.java:116)
	at io.reactivex.rxjava3.subjects.PublishSubject.subscribeActual(PublishSubject.java:133)
	at io.reactivex.rxjava3.core.Observable.subscribe(Observable.java:13099)
	at com.aventstack.extentreports.ReactiveSubject.attachReporter(ReactiveSubject.java:38)
	at com.aventstack.extentreports.ExtentReports.attachReporter(ExtentReports.java:68)
	at Resources.ExtendReports.getReport(ExtendReports.java:19)
	at Academy.Sec29_E2E.Listeners.<init>(Listeners.java:20)
	at java.base/jdk.internal.reflect.NativeConstructorAccessorImpl.newInstance0(Native Method)
	at java.base/jdk.internal.reflect.NativeConstructorAccessorImpl.newInstance(NativeConstructorAccessorImpl.java:62)
	at java.base/jdk.internal.reflect.DelegatingConstructorAccessorImpl.newInstance(DelegatingConstructorAccessorImpl.java:45)
	at java.base/java.lang.reflect.Constructor.newInstance(Constructor.java:490)
	at java.base/java.lang.Class.newInstance(Class.java:584)
	at org.testng.internal.ClassHelper.newInstance(ClassHelper.java:69)
	at org.testng.TestNG.addListeners(TestNG.java:949)
	at org.testng.TestNG.initializeConfiguration(TestNG.java:912)
	at org.testng.TestNG.initializeEverything(TestNG.java:996)
	at org.testng.TestNG.run(TestNG.java:1009)
	at org.apache.maven.surefire.testng.TestNGExecutor.run(TestNGExecutor.java:284)
	at org.apache.maven.surefire.testng.TestNGXmlTestSuite.execute(TestNGXmlTestSuite.java:75)
	at org.apache.maven.surefire.testng.TestNGProvider.invoke(TestNGProvider.java:119)
	at org.apache.maven.surefire.booter.ForkedBooter.runSuitesInProcess(ForkedBooter.java:428)
	at org.apache.maven.surefire.booter.ForkedBooter.execute(ForkedBooter.java:162)
	at org.apache.maven.surefire.booter.ForkedBooter.run(ForkedBooter.java:562)
	at org.apache.maven.surefire.booter.ForkedBooter.main(ForkedBooter.java:548)

2021-09-06 18:46:26,834 main ERROR Null object returned for RollingFile in Appenders.
2021-09-06 18:46:26,842 main ERROR Unable to locate appender "File" for logger config "root"
2021-09-06 18:46:26,843 main ERROR Unable to locate appender "File" for logger config "Academy.Sec29_E2E"
chromechrome]]></system-out>
    <system-err><![CDATA[Starting ChromeDriver 93.0.4577.15 (660fc11082ba57405eca2e8c49c3e1af756fbfae-refs/branch-heads/4577@{#203}) on port 19482
Only local connections are allowed.
Please see https://chromedriver.chromium.org/security-considerations for suggestions on keeping ChromeDriver safe.
Starting ChromeDriver 93.0.4577.15 (660fc11082ba57405eca2e8c49c3e1af756fbfae-refs/branch-heads/4577@{#203}) on port 23239
Only local connections are allowed.
Please see https://chromedriver.chromium.org/security-considerations for suggestions on keeping ChromeDriver safe.
ChromeDriver was started successfully.
ChromeDriver was started successfully.
Sep 06, 2021 6:46:29 PM org.openqa.selenium.remote.ProtocolHandshake createSession
INFO: Detected dialect: W3C
Sep 06, 2021 6:46:29 PM org.openqa.selenium.remote.ProtocolHandshake createSession
INFO: Detected dialect: W3C
]]></system-err>
  </testcase>
  <testcase name="ValidateTitle" classname="Academy.Sec29_E2E.Validatetitle" time="0.232">
    <failure message="expected:&lt;...&gt; but was:&lt;...123&gt;" type="junit.framework.ComparisonFailure"><![CDATA[junit.framework.ComparisonFailure: expected:<...> but was:<...123>
	at Academy.Sec29_E2E.Validatetitle.ValidateTitle(Validatetitle.java:42)
]]></failure>
  </testcase>
  <testcase name="HomePage[abc@gm.com, 845151](1)" classname="Academy.Sec29_E2E.Home" time="0.781"/>
  <testcase name="HomePage[dasded@dasdas.com, 4515615](2)" classname="Academy.Sec29_E2E.Home" time="3.521"/>
</testsuite>