<?xml version="1.0" encoding="UTF-8"?>
<testng-results ignored="0" total="4" passed="4" failed="0" skipped="0">
  <reporter-output>
  </reporter-output>
  <suite started-at="2021-08-15T13:18:49 IST" name="Suite" finished-at="2021-08-15T13:18:49 IST" duration-ms="43">
    <groups>
    </groups>
    <test started-at="2021-08-15T13:18:49 IST" name="Test" finished-at="2021-08-15T13:18:49 IST" duration-ms="43">
      <class name="qaclick.Test01">
        <test-method signature="A()[pri:0, instance:qaclick.Test01@36b4fe2a]" started-at="2021-08-15T13:18:49 IST" name="A" finished-at="2021-08-15T13:18:49 IST" duration-ms="1" status="PASS">
          <reporter-output>
          </reporter-output>
        </test-method> <!-- A -->
        <test-method signature="B()[pri:0, instance:qaclick.Test01@36b4fe2a]" started-at="2021-08-15T13:18:49 IST" name="B" finished-at="2021-08-15T13:18:49 IST" duration-ms="0" status="PASS">
          <reporter-output>
          </reporter-output>
        </test-method> <!-- B -->
      </class> <!-- qaclick.Test01 -->
      <class name="qaclick.Test02">
        <test-method signature="C()[pri:0, instance:qaclick.Test02@394a2528]" started-at="2021-08-15T13:18:49 IST" name="C" finished-at="2021-08-15T13:18:49 IST" duration-ms="5" status="PASS">
          <reporter-output>
          </reporter-output>
        </test-method> <!-- C -->
        <test-method signature="D()[pri:0, instance:qaclick.Test02@394a2528]" started-at="2021-08-15T13:18:49 IST" name="D" finished-at="2021-08-15T13:18:49 IST" duration-ms="0" status="PASS">
          <reporter-output>
          </reporter-output>
        </test-method> <!-- D -->
      </class> <!-- qaclick.Test02 -->
    </test> <!-- Test -->
  </suite> <!-- Suite -->
</testng-results>
